I, [2013-04-04T23:17:55.622781 #14753]  INFO -- : Refreshing Gem list
error adding listener addr=/var/www/red-jam/shared/unicorn.sock
/usr/local/rvm/gems/ruby-1.9.3-p392/gems/unicorn-4.6.2/lib/unicorn/socket_helper.rb:134:in `bind_listen': socket=/var/www/red-jam/shared/unicorn.sock specified but it is not a socket! (ArgumentError)
	from /usr/local/rvm/gems/ruby-1.9.3-p392/gems/unicorn-4.6.2/lib/unicorn/http_server.rb:229:in `listen'
	from /usr/local/rvm/gems/ruby-1.9.3-p392/gems/unicorn-4.6.2/lib/unicorn/http_server.rb:773:in `block in bind_new_listeners!'
	from /usr/local/rvm/gems/ruby-1.9.3-p392/gems/unicorn-4.6.2/lib/unicorn/http_server.rb:773:in `each'
	from /usr/local/rvm/gems/ruby-1.9.3-p392/gems/unicorn-4.6.2/lib/unicorn/http_server.rb:773:in `bind_new_listeners!'
	from /usr/local/rvm/gems/ruby-1.9.3-p392/gems/unicorn-4.6.2/lib/unicorn/http_server.rb:141:in `start'
	from /usr/local/rvm/gems/ruby-1.9.3-p392/gems/unicorn-4.6.2/bin/unicorn_rails:209:in `<top (required)>'
	from /usr/local/rvm/gems/ruby-1.9.3-p392/bin/unicorn_rails:19:in `load'
	from /usr/local/rvm/gems/ruby-1.9.3-p392/bin/unicorn_rails:19:in `<main>'
	from /usr/local/rvm/gems/ruby-1.9.3-p392/bin/ruby_noexec_wrapper:14:in `eval'
	from /usr/local/rvm/gems/ruby-1.9.3-p392/bin/ruby_noexec_wrapper:14:in `<main>'
I, [2013-04-04T23:20:49.330610 #14925]  INFO -- : Refreshing Gem list
listening on addr=/var/www/red-jam/shared/unicorn.sock fd=12
master process ready
worker=0 ready
worker=1 ready
reaped #<Process::Status: pid 14928 SIGKILL (signal 9)> worker=0
worker=0 ready
reaped #<Process::Status: pid 14930 SIGKILL (signal 9)> worker=1
worker=1 ready
reaped #<Process::Status: pid 15297 SIGKILL (signal 9)> worker=0
worker=0 ready
reaped #<Process::Status: pid 15303 SIGKILL (signal 9)> worker=0
worker=0 ready
reaped #<Process::Status: pid 15300 SIGKILL (signal 9)> worker=1
reaped #<Process::Status: pid 15306 SIGKILL (signal 9)> worker=0
worker=1 ready
reaped #<Process::Status: pid 15309 SIGKILL (signal 9)> worker=1
worker=0 ready
reaped #<Process::Status: pid 15312 SIGKILL (signal 9)> worker=0
worker=1 ready
reaped #<Process::Status: pid 15315 SIGKILL (signal 9)> worker=1
worker=0 ready
reaped #<Process::Status: pid 15318 SIGKILL (signal 9)> worker=0
worker=1 ready
reaped #<Process::Status: pid 15321 SIGKILL (signal 9)> worker=1
worker=0 ready
reaped #<Process::Status: pid 15324 SIGKILL (signal 9)> worker=0
worker=1 ready
reaped #<Process::Status: pid 15327 SIGKILL (signal 9)> worker=1
worker=0 ready
reaped #<Process::Status: pid 15330 SIGKILL (signal 9)> worker=0
worker=1 ready
reaped #<Process::Status: pid 15333 SIGKILL (signal 9)> worker=1
worker=0 ready
reaped #<Process::Status: pid 15336 SIGKILL (signal 9)> worker=0
worker=1 ready
reaped #<Process::Status: pid 15339 SIGKILL (signal 9)> worker=1
worker=0 ready
reaped #<Process::Status: pid 15342 SIGKILL (signal 9)> worker=0
worker=1 ready
reaped #<Process::Status: pid 15345 SIGKILL (signal 9)> worker=1
worker=0 ready
reaped #<Process::Status: pid 15348 SIGKILL (signal 9)> worker=0
worker=1 ready
reaped #<Process::Status: pid 15351 SIGKILL (signal 9)> worker=1
worker=0 ready
reaped #<Process::Status: pid 15354 SIGKILL (signal 9)> worker=0
worker=1 ready
reaped #<Process::Status: pid 15357 SIGKILL (signal 9)> worker=1
worker=0 ready
reaped #<Process::Status: pid 15360 SIGKILL (signal 9)> worker=0
worker=1 ready
reaped #<Process::Status: pid 15363 SIGKILL (signal 9)> worker=1
worker=0 ready
reaped #<Process::Status: pid 15366 SIGKILL (signal 9)> worker=0
worker=1 ready
reaped #<Process::Status: pid 15369 SIGKILL (signal 9)> worker=1
worker=0 ready
reaped #<Process::Status: pid 15372 SIGKILL (signal 9)> worker=0
worker=1 ready
reaped #<Process::Status: pid 15375 SIGKILL (signal 9)> worker=1
reaped #<Process::Status: pid 15378 SIGKILL (signal 9)> worker=0
worker=1 ready
reaped #<Process::Status: pid 15381 SIGKILL (signal 9)> worker=1
worker=0 ready
reaped #<Process::Status: pid 15384 SIGKILL (signal 9)> worker=0
reaped #<Process::Status: pid 15390 SIGKILL (signal 9)> worker=0
worker=1 ready
reaped #<Process::Status: pid 15387 SIGKILL (signal 9)> worker=1
worker=0 ready
reaped #<Process::Status: pid 15393 SIGKILL (signal 9)> worker=0
worker=1 ready
reaped #<Process::Status: pid 15396 SIGKILL (signal 9)> worker=1
worker=0 ready
reaped #<Process::Status: pid 15399 SIGKILL (signal 9)> worker=0
reaped #<Process::Status: pid 15402 SIGKILL (signal 9)> worker=1
reaped #<Process::Status: pid 15405 SIGKILL (signal 9)> worker=0
reaped #<Process::Status: pid 15408 SIGKILL (signal 9)> worker=1
reaped #<Process::Status: pid 15412 SIGKILL (signal 9)> worker=0
reaped #<Process::Status: pid 15415 SIGKILL (signal 9)> worker=1
reaped #<Process::Status: pid 15418 SIGKILL (signal 9)> worker=0
I, [2013-04-05T01:26:34.425247 #1998]  INFO -- : Refreshing Gem list
unlinking existing socket=/var/www/red-jam/shared/unicorn.sock
listening on addr=/var/www/red-jam/shared/unicorn.sock fd=12
master process ready
worker=1 ready
worker=0 ready
reaped #<Process::Status: pid 2002 SIGKILL (signal 9)> worker=0
reaped #<Process::Status: pid 2027 SIGKILL (signal 9)> worker=0
reaped #<Process::Status: pid 2004 SIGKILL (signal 9)> worker=1
worker=0 ready
reaped #<Process::Status: pid 2030 SIGKILL (signal 9)> worker=0
worker=1 ready
reaped #<Process::Status: pid 2033 SIGKILL (signal 9)> worker=1
worker=0 ready
reaped #<Process::Status: pid 2036 SIGKILL (signal 9)> worker=0
worker=1 ready
reaped #<Process::Status: pid 2039 SIGKILL (signal 9)> worker=1
worker=0 ready
reaped #<Process::Status: pid 2042 SIGKILL (signal 9)> worker=0
worker=1 ready
reaped #<Process::Status: pid 2045 SIGKILL (signal 9)> worker=1
worker=0 ready
reaped #<Process::Status: pid 2048 SIGKILL (signal 9)> worker=0
worker=1 ready
reaped #<Process::Status: pid 2051 SIGKILL (signal 9)> worker=1
worker=0 ready
reaped #<Process::Status: pid 2054 SIGKILL (signal 9)> worker=0
worker=1 ready
reaped #<Process::Status: pid 2057 SIGKILL (signal 9)> worker=1
reaped #<Process::Status: pid 2060 SIGKILL (signal 9)> worker=0
worker=1 ready
reaped #<Process::Status: pid 2063 SIGKILL (signal 9)> worker=1
worker=0 ready
reaped #<Process::Status: pid 2066 SIGKILL (signal 9)> worker=0
worker=1 ready
reaped #<Process::Status: pid 2069 SIGKILL (signal 9)> worker=1
worker=0 ready
reaped #<Process::Status: pid 2072 SIGKILL (signal 9)> worker=0
worker=1 ready
reaped #<Process::Status: pid 2075 SIGKILL (signal 9)> worker=1
worker=0 ready
reaped #<Process::Status: pid 2078 SIGKILL (signal 9)> worker=0
worker=1 ready
reaped #<Process::Status: pid 2081 SIGKILL (signal 9)> worker=1
worker=0 ready
reaped #<Process::Status: pid 2084 SIGKILL (signal 9)> worker=0
worker=1 ready
reaped #<Process::Status: pid 2087 SIGKILL (signal 9)> worker=1
worker=0 ready
reaped #<Process::Status: pid 2090 SIGKILL (signal 9)> worker=0
worker=1 ready
reaped #<Process::Status: pid 2093 SIGKILL (signal 9)> worker=1
worker=0 ready
reaped #<Process::Status: pid 2096 SIGKILL (signal 9)> worker=0
reaped #<Process::Status: pid 2099 SIGKILL (signal 9)> worker=1
worker=0 ready
reaped #<Process::Status: pid 2102 SIGKILL (signal 9)> worker=0
worker=1 ready
reaped #<Process::Status: pid 2105 SIGKILL (signal 9)> worker=1
worker=0 ready
reaped #<Process::Status: pid 2108 SIGKILL (signal 9)> worker=0
worker=1 ready
reaped #<Process::Status: pid 2111 SIGKILL (signal 9)> worker=1
worker=0 ready
reaped #<Process::Status: pid 2114 SIGKILL (signal 9)> worker=0
worker=1 ready
reaped #<Process::Status: pid 2117 SIGKILL (signal 9)> worker=1
worker=0 ready
reaped #<Process::Status: pid 2120 SIGKILL (signal 9)> worker=0
reaped #<Process::Status: pid 2123 SIGKILL (signal 9)> worker=1
worker=0 ready
reaped #<Process::Status: pid 2126 SIGKILL (signal 9)> worker=0
reaped #<Process::Status: pid 2129 SIGKILL (signal 9)> worker=1
reaped #<Process::Status: pid 2132 SIGKILL (signal 9)> worker=0
worker=1 ready
reaped #<Process::Status: pid 2135 SIGKILL (signal 9)> worker=1
worker=1 ready
reaped #<Process::Status: pid 2138 SIGKILL (signal 9)> worker=0
reaped #<Process::Status: pid 2141 SIGKILL (signal 9)> worker=1
reaped #<Process::Status: pid 2144 SIGKILL (signal 9)> worker=0
worker=1 ready
reaped #<Process::Status: pid 2147 SIGKILL (signal 9)> worker=1
reaped #<Process::Status: pid 2150 SIGKILL (signal 9)> worker=0
worker=1 ready
reaped #<Process::Status: pid 2153 SIGKILL (signal 9)> worker=1
worker=0 ready
worker=1 ready
reaped #<Process::Status: pid 2156 SIGKILL (signal 9)> worker=0
reaped #<Process::Status: pid 2190 SIGKILL (signal 9)> worker=0
reaped #<Process::Status: pid 2159 SIGKILL (signal 9)> worker=1
worker=0 ready
reaped #<Process::Status: pid 2193 SIGKILL (signal 9)> worker=0
worker=1 ready
reaped #<Process::Status: pid 2196 SIGKILL (signal 9)> worker=1
worker=0 ready
reaped #<Process::Status: pid 2199 SIGKILL (signal 9)> worker=0
worker=1 ready
reaped #<Process::Status: pid 2202 SIGKILL (signal 9)> worker=1
worker=0 ready
reaped #<Process::Status: pid 2205 SIGKILL (signal 9)> worker=0
worker=1 ready
reaped #<Process::Status: pid 2208 SIGKILL (signal 9)> worker=1
worker=0 ready
reaped #<Process::Status: pid 2211 SIGKILL (signal 9)> worker=0
worker=1 ready
reaped #<Process::Status: pid 2214 SIGKILL (signal 9)> worker=1
worker=0 ready
reaped #<Process::Status: pid 2217 SIGKILL (signal 9)> worker=0
worker=1 ready
reaped #<Process::Status: pid 2220 SIGKILL (signal 9)> worker=1
worker=0 ready
reaped #<Process::Status: pid 2223 SIGKILL (signal 9)> worker=0
worker=1 ready
reaped #<Process::Status: pid 2226 SIGKILL (signal 9)> worker=1
worker=0 ready
reaped #<Process::Status: pid 2229 SIGKILL (signal 9)> worker=0
worker=1 ready
reaped #<Process::Status: pid 2232 SIGKILL (signal 9)> worker=1
worker=0 ready
reaped #<Process::Status: pid 2235 SIGKILL (signal 9)> worker=0
worker=1 ready
reaped #<Process::Status: pid 2238 SIGKILL (signal 9)> worker=1
worker=0 ready
reaped #<Process::Status: pid 2241 SIGKILL (signal 9)> worker=0
reaped #<Process::Status: pid 2244 SIGKILL (signal 9)> worker=1
worker=0 ready
reaped #<Process::Status: pid 2247 SIGKILL (signal 9)> worker=0
worker=1 ready
reaped #<Process::Status: pid 2253 SIGKILL (signal 9)> worker=0
reaped #<Process::Status: pid 2256 SIGKILL (signal 9)> worker=0
reaped #<Process::Status: pid 2259 SIGKILL (signal 9)> worker=0
reaped #<Process::Status: pid 2262 SIGKILL (signal 9)> worker=0
reaped #<Process::Status: pid 2250 SIGKILL (signal 9)> worker=1
worker=0 ready
reaped #<Process::Status: pid 2265 SIGKILL (signal 9)> worker=0
worker=1 ready
reaped #<Process::Status: pid 2268 SIGKILL (signal 9)> worker=1
worker=0 ready
reaped #<Process::Status: pid 2271 SIGKILL (signal 9)> worker=0
worker=1 ready
reaped #<Process::Status: pid 2274 SIGKILL (signal 9)> worker=1
worker=0 ready
reaped #<Process::Status: pid 2277 SIGKILL (signal 9)> worker=0
worker=1 ready
reaped #<Process::Status: pid 2280 SIGKILL (signal 9)> worker=1
worker=0 ready
reaped #<Process::Status: pid 2283 SIGKILL (signal 9)> worker=0
worker=1 ready
reaped #<Process::Status: pid 2286 SIGKILL (signal 9)> worker=1
worker=0 ready
reaped #<Process::Status: pid 2289 SIGKILL (signal 9)> worker=0
worker=1 ready
reaped #<Process::Status: pid 2292 SIGKILL (signal 9)> worker=1
reaped #<Process::Status: pid 2295 SIGKILL (signal 9)> worker=0
worker=1 ready
worker=0 ready
